<?xml version="1.0" encoding="UTF-8"?>
<coverage generated="1741867774929" clover="3.2.0">
  <project timestamp="1741867774929" name="All files">
    <metrics statements="124" coveredstatements="97" conditionals="76" coveredconditionals="60" methods="42" coveredmethods="27" elements="242" coveredelements="184" complexity="0" loc="124" ncloc="124" packages="11" files="12" classes="12"/>
    <package name="components.Elements">
      <metrics statements="2" coveredstatements="2" conditionals="0" coveredconditionals="0" methods="1" coveredmethods="1"/>
      <file name="LoadingSpinner.tsx" path="/Users/macbook/Documents/Task-innoscripta/src/components/Elements/LoadingSpinner.tsx">
        <metrics statements="2" coveredstatements="2" conditionals="0" coveredconditionals="0" methods="1" coveredmethods="1"/>
        <line num="1" count="1" type="stmt"/>
        <line num="2" count="1" type="stmt"/>
      </file>
    </package>
    <package name="components.Elements.ArticleCard">
      <metrics statements="6" coveredstatements="4" conditionals="4" coveredconditionals="2" methods="2" coveredmethods="1"/>
      <file name="ArticleCard.tsx" path="/Users/macbook/Documents/Task-innoscripta/src/components/Elements/ArticleCard/ArticleCard.tsx">
        <metrics statements="6" coveredstatements="4" conditionals="4" coveredconditionals="2" methods="2" coveredmethods="1"/>
        <line num="3" count="1" type="stmt"/>
        <line num="5" count="4" type="stmt"/>
        <line num="7" count="4" type="cond" truecount="1" falsecount="1"/>
        <line num="9" count="4" type="stmt"/>
        <line num="20" count="0" type="stmt"/>
        <line num="21" count="0" type="stmt"/>
      </file>
    </package>
    <package name="components.Elements.FormInput">
      <metrics statements="3" coveredstatements="3" conditionals="14" coveredconditionals="14" methods="2" coveredmethods="2"/>
      <file name="FormInput.tsx" path="/Users/macbook/Documents/Task-innoscripta/src/components/Elements/FormInput/FormInput.tsx">
        <metrics statements="3" coveredstatements="3" conditionals="14" coveredconditionals="14" methods="2" coveredmethods="2"/>
        <line num="3" count="6" type="stmt"/>
        <line num="14" count="193" type="stmt"/>
        <line num="25" count="27" type="stmt"/>
      </file>
    </package>
    <package name="components.Features.FeedSettings">
      <metrics statements="29" coveredstatements="25" conditionals="8" coveredconditionals="6" methods="11" coveredmethods="6"/>
      <file name="FeedSettings.tsx" path="/Users/macbook/Documents/Task-innoscripta/src/components/Features/FeedSettings/FeedSettings.tsx">
        <metrics statements="29" coveredstatements="25" conditionals="8" coveredconditionals="6" methods="11" coveredmethods="6"/>
        <line num="13" count="1" type="stmt"/>
        <line num="14" count="11" type="stmt"/>
        <line num="15" count="11" type="stmt"/>
        <line num="21" count="11" type="stmt"/>
        <line num="27" count="11" type="stmt"/>
        <line num="33" count="11" type="stmt"/>
        <line num="35" count="11" type="stmt"/>
        <line num="36" count="11" type="stmt"/>
        <line num="38" count="11" type="stmt"/>
        <line num="39" count="11" type="stmt"/>
        <line num="40" count="11" type="stmt"/>
        <line num="41" count="11" type="stmt"/>
        <line num="44" count="11" type="stmt"/>
        <line num="45" count="1" type="cond" truecount="3" falsecount="1"/>
        <line num="46" count="1" type="stmt"/>
        <line num="47" count="1" type="stmt"/>
        <line num="51" count="11" type="stmt"/>
        <line num="52" count="2" type="stmt"/>
        <line num="53" count="2" type="stmt"/>
        <line num="54" count="2" type="stmt"/>
        <line num="56" count="2" type="stmt"/>
        <line num="57" count="2" type="stmt"/>
        <line num="58" count="0" type="stmt"/>
        <line num="62" count="11" type="stmt"/>
        <line num="81" count="66" type="stmt"/>
        <line num="86" count="0" type="stmt"/>
        <line num="106" count="1" type="stmt"/>
        <line num="122" count="0" type="stmt"/>
        <line num="128" count="0" type="stmt"/>
      </file>
    </package>
    <package name="components.Modules.ArticleList">
      <metrics statements="10" coveredstatements="10" conditionals="6" coveredconditionals="6" methods="2" coveredmethods="2"/>
      <file name="ArticleList.mock.ts" path="/Users/macbook/Documents/Task-innoscripta/src/components/Modules/ArticleList/ArticleList.mock.ts">
        <metrics statements="1" coveredstatements="1" conditionals="0" coveredconditionals="0" methods="0" coveredmethods="0"/>
        <line num="3" count="1" type="stmt"/>
      </file>
      <file name="ArticleList.tsx" path="/Users/macbook/Documents/Task-innoscripta/src/components/Modules/ArticleList/ArticleList.tsx">
        <metrics statements="9" coveredstatements="9" conditionals="6" coveredconditionals="6" methods="2" coveredmethods="2"/>
        <line num="5" count="1" type="stmt"/>
        <line num="6" count="5" type="cond" truecount="2" falsecount="0"/>
        <line num="7" count="1" type="stmt"/>
        <line num="10" count="4" type="cond" truecount="2" falsecount="0"/>
        <line num="11" count="1" type="stmt"/>
        <line num="14" count="3" type="cond" truecount="2" falsecount="0"/>
        <line num="15" count="1" type="stmt"/>
        <line num="24" count="2" type="stmt"/>
        <line num="27" count="4" type="stmt"/>
      </file>
    </package>
    <package name="components.Modules.SearchFilters.FilterBar">
      <metrics statements="33" coveredstatements="29" conditionals="32" coveredconditionals="23" methods="11" coveredmethods="8"/>
      <file name="FilterBar.tsx" path="/Users/macbook/Documents/Task-innoscripta/src/components/Modules/SearchFilters/FilterBar/FilterBar.tsx">
        <metrics statements="33" coveredstatements="29" conditionals="32" coveredconditionals="23" methods="11" coveredmethods="8"/>
        <line num="23" count="1" type="stmt"/>
        <line num="24" count="12" type="stmt"/>
        <line num="26" count="12" type="stmt"/>
        <line num="34" count="12" type="cond" truecount="1" falsecount="1"/>
        <line num="36" count="12" type="stmt"/>
        <line num="41" count="12" type="cond" truecount="2" falsecount="0"/>
        <line num="43" count="12" type="stmt"/>
        <line num="44" count="8" type="cond" truecount="2" falsecount="0"/>
        <line num="45" count="2" type="stmt"/>
        <line num="46" count="2" type="stmt"/>
        <line num="48" count="6" type="stmt"/>
        <line num="52" count="12" type="stmt"/>
        <line num="53" count="0" type="stmt"/>
        <line num="54" count="0" type="stmt"/>
        <line num="57" count="12" type="stmt"/>
        <line num="58" count="0" type="stmt"/>
        <line num="61" count="12" type="stmt"/>
        <line num="62" count="1" type="stmt"/>
        <line num="63" count="1" type="stmt"/>
        <line num="66" count="12" type="stmt"/>
        <line num="67" count="1" type="cond" truecount="1" falsecount="1"/>
        <line num="68" count="0" type="stmt"/>
        <line num="76" count="1" type="stmt"/>
        <line num="78" count="1" type="stmt"/>
        <line num="88" count="12" type="stmt"/>
        <line num="89" count="1" type="stmt"/>
        <line num="90" count="1" type="stmt"/>
        <line num="91" count="1" type="stmt"/>
        <line num="92" count="1" type="stmt"/>
        <line num="95" count="12" type="stmt"/>
        <line num="96" count="2" type="cond" truecount="1" falsecount="1"/>
        <line num="99" count="12" type="stmt"/>
        <line num="115" count="24" type="stmt"/>
      </file>
    </package>
    <package name="components.Modules.SearchFilters.SearchBar">
      <metrics statements="11" coveredstatements="7" conditionals="4" coveredconditionals="2" methods="3" coveredmethods="2"/>
      <file name="SearchBar.tsx" path="/Users/macbook/Documents/Task-innoscripta/src/components/Modules/SearchFilters/SearchBar/SearchBar.tsx">
        <metrics statements="11" coveredstatements="7" conditionals="4" coveredconditionals="2" methods="3" coveredmethods="2"/>
        <line num="5" count="1" type="stmt"/>
        <line num="6" count="7" type="stmt"/>
        <line num="7" count="7" type="cond" truecount="2" falsecount="0"/>
        <line num="9" count="7" type="stmt"/>
        <line num="10" count="2" type="stmt"/>
        <line num="13" count="7" type="stmt"/>
        <line num="14" count="0" type="stmt"/>
        <line num="16" count="0" type="stmt"/>
        <line num="17" count="0" type="cond" truecount="0" falsecount="2"/>
        <line num="19" count="0" type="stmt"/>
        <line num="22" count="7" type="stmt"/>
      </file>
    </package>
    <package name="components.Modules.SourceOptions">
      <metrics statements="4" coveredstatements="4" conditionals="0" coveredconditionals="0" methods="3" coveredmethods="3"/>
      <file name="SourceOptions.tsx" path="/Users/macbook/Documents/Task-innoscripta/src/components/Modules/SourceOptions/SourceOptions.tsx">
        <metrics statements="4" coveredstatements="4" conditionals="0" coveredconditionals="0" methods="3" coveredmethods="3"/>
        <line num="4" count="3" type="stmt"/>
        <line num="5" count="23" type="stmt"/>
        <line num="8" count="66" type="stmt"/>
        <line num="13" count="1" type="stmt"/>
      </file>
    </package>
    <package name="components.Modules.ToggleSwitch">
      <metrics statements="2" coveredstatements="2" conditionals="6" coveredconditionals="6" methods="1" coveredmethods="1"/>
      <file name="ToggleSwitch.tsx" path="/Users/macbook/Documents/Task-innoscripta/src/components/Modules/ToggleSwitch/ToggleSwitch.tsx">
        <metrics statements="2" coveredstatements="2" conditionals="6" coveredconditionals="6" methods="1" coveredmethods="1"/>
        <line num="4" count="2" type="stmt"/>
        <line num="5" count="15" type="stmt"/>
      </file>
    </package>
    <package name="constants">
      <metrics statements="2" coveredstatements="2" conditionals="0" coveredconditionals="0" methods="0" coveredmethods="0"/>
      <file name="newsConstants.ts" path="/Users/macbook/Documents/Task-innoscripta/src/constants/newsConstants.ts">
        <metrics statements="2" coveredstatements="2" conditionals="0" coveredconditionals="0" methods="0" coveredmethods="0"/>
        <line num="1" count="2" type="stmt"/>
        <line num="10" count="2" type="stmt"/>
      </file>
    </package>
    <package name="store.slices">
      <metrics statements="22" coveredstatements="9" conditionals="2" coveredconditionals="1" methods="6" coveredmethods="1"/>
      <file name="userPreferencesSlice.ts" path="/Users/macbook/Documents/Task-innoscripta/src/store/slices/userPreferencesSlice.ts">
        <metrics statements="22" coveredstatements="9" conditionals="2" coveredconditionals="1" methods="6" coveredmethods="1"/>
        <line num="9" count="1" type="stmt"/>
        <line num="15" count="1" type="stmt"/>
        <line num="16" count="1" type="stmt"/>
        <line num="17" count="1" type="stmt"/>
        <line num="18" count="1" type="cond" truecount="1" falsecount="1"/>
        <line num="20" count="0" type="stmt"/>
        <line num="21" count="0" type="stmt"/>
        <line num="25" count="1" type="stmt"/>
        <line num="26" count="0" type="stmt"/>
        <line num="27" count="0" type="stmt"/>
        <line num="29" count="0" type="stmt"/>
        <line num="33" count="1" type="stmt"/>
        <line num="38" count="1" type="stmt"/>
        <line num="43" count="0" type="stmt"/>
        <line num="44" count="0" type="stmt"/>
        <line num="47" count="0" type="stmt"/>
        <line num="48" count="0" type="stmt"/>
        <line num="51" count="0" type="stmt"/>
        <line num="52" count="0" type="stmt"/>
        <line num="55" count="0" type="stmt"/>
        <line num="56" count="0" type="stmt"/>
        <line num="66" count="1" type="stmt"/>
      </file>
    </package>
  </project>
</coverage>
