{"/Users/macbook/Documents/Task-innoscripta/src/components/Elements/LoadingSpinner.tsx": {"path":"/Users/macbook/Documents/Task-innoscripta/src/components/Elements/LoadingSpinner.tsx","statementMap":{"0":{"start":{"line":1,"column":30},"end":{"line":7,"column":1}},"1":{"start":{"line":2,"column":2},"end":{"line":6,"column":4}}},"fnMap":{"0":{"name":"(anonymous_0)","decl":{"start":{"line":1,"column":30},"end":{"line":1,"column":31}},"loc":{"start":{"line":1,"column":36},"end":{"line":7,"column":1}},"line":1}},"branchMap":{},"s":{"0":1,"1":1},"f":{"0":1},"b":{},"_coverageSchema":"1a1c01bbd47fc00a2c39e90264f33305004495a9","hash":"5691ac01aad9537256ead146c1ceac2be61e76dc"}
,"/Users/macbook/Documents/Task-innoscripta/src/components/Elements/ArticleCard/ArticleCard.tsx": {"path":"/Users/macbook/Documents/Task-innoscripta/src/components/Elements/ArticleCard/ArticleCard.tsx","statementMap":{"0":{"start":{"line":3,"column":27},"end":{"line":39,"column":1}},"1":{"start":{"line":5,"column":4},"end":{"line":5,"column":120}},"2":{"start":{"line":7,"column":19},"end":{"line":7,"column":57}},"3":{"start":{"line":9,"column":2},"end":{"line":38,"column":4}},"4":{"start":{"line":20,"column":12},"end":{"line":20,"column":67}},"5":{"start":{"line":21,"column":12},"end":{"line":21,"column":92}}},"fnMap":{"0":{"name":"(anonymous_0)","decl":{"start":{"line":3,"column":27},"end":{"line":3,"column":28}},"loc":{"start":{"line":3,"column":62},"end":{"line":39,"column":1}},"line":3},"1":{"name":"(anonymous_1)","decl":{"start":{"line":19,"column":19},"end":{"line":19,"column":20}},"loc":{"start":{"line":19,"column":24},"end":{"line":22,"column":11}},"line":19}},"branchMap":{"0":{"loc":{"start":{"line":7,"column":19},"end":{"line":7,"column":57}},"type":"binary-expr","locations":[{"start":{"line":7,"column":19},"end":{"line":7,"column":37}},{"start":{"line":7,"column":41},"end":{"line":7,"column":57}}],"line":7},"1":{"loc":{"start":{"line":16,"column":15},"end":{"line":16,"column":44}},"type":"binary-expr","locations":[{"start":{"line":16,"column":15},"end":{"line":16,"column":23}},{"start":{"line":16,"column":27},"end":{"line":16,"column":44}}],"line":16}},"s":{"0":1,"1":4,"2":4,"3":4,"4":0,"5":0},"f":{"0":4,"1":0},"b":{"0":[4,0],"1":[4,0]},"_coverageSchema":"1a1c01bbd47fc00a2c39e90264f33305004495a9","hash":"49d3769a329229511fc030e5a0886cf3fa374ca5"}
,"/Users/macbook/Documents/Task-innoscripta/src/components/Elements/FormInput/FormInput.tsx": {"path":"/Users/macbook/Documents/Task-innoscripta/src/components/Elements/FormInput/FormInput.tsx","statementMap":{"0":{"start":{"line":3,"column":18},"end":{"line":43,"column":1}},"1":{"start":{"line":14,"column":2},"end":{"line":42,"column":4}},"2":{"start":{"line":25,"column":12},"end":{"line":27,"column":21}}},"fnMap":{"0":{"name":"(anonymous_0)","decl":{"start":{"line":3,"column":18},"end":{"line":3,"column":19}},"loc":{"start":{"line":13,"column":22},"end":{"line":43,"column":1}},"line":13},"1":{"name":"(anonymous_1)","decl":{"start":{"line":24,"column":23},"end":{"line":24,"column":24}},"loc":{"start":{"line":25,"column":12},"end":{"line":27,"column":21}},"line":25}},"branchMap":{"0":{"loc":{"start":{"line":9,"column":2},"end":{"line":9,"column":14}},"type":"default-arg","locations":[{"start":{"line":9,"column":12},"end":{"line":9,"column":14}}],"line":9},"1":{"loc":{"start":{"line":10,"column":2},"end":{"line":10,"column":18}},"type":"default-arg","locations":[{"start":{"line":10,"column":16},"end":{"line":10,"column":18}}],"line":10},"2":{"loc":{"start":{"line":11,"column":2},"end":{"line":11,"column":16}},"type":"default-arg","locations":[{"start":{"line":11,"column":14},"end":{"line":11,"column":16}}],"line":11},"3":{"loc":{"start":{"line":12,"column":2},"end":{"line":12,"column":22}},"type":"default-arg","locations":[{"start":{"line":12,"column":20},"end":{"line":12,"column":22}}],"line":12},"4":{"loc":{"start":{"line":16,"column":7},"end":{"line":20,"column":7}},"type":"binary-expr","locations":[{"start":{"line":16,"column":7},"end":{"line":16,"column":12}},{"start":{"line":17,"column":8},"end":{"line":19,"column":16}}],"line":16},"5":{"loc":{"start":{"line":21,"column":7},"end":{"line":40,"column":7}},"type":"cond-expr","locations":[{"start":{"line":22,"column":8},"end":{"line":29,"column":17}},{"start":{"line":31,"column":8},"end":{"line":39,"column":10}}],"line":21},"6":{"loc":{"start":{"line":23,"column":28},"end":{"line":23,"column":61}},"type":"binary-expr","locations":[{"start":{"line":23,"column":28},"end":{"line":23,"column":39}},{"start":{"line":23,"column":43},"end":{"line":23,"column":61}}],"line":23},"7":{"loc":{"start":{"line":34,"column":17},"end":{"line":34,"column":68}},"type":"cond-expr","locations":[{"start":{"line":34,"column":39},"end":{"line":34,"column":48}},{"start":{"line":34,"column":52},"end":{"line":34,"column":67}}],"line":34},"8":{"loc":{"start":{"line":35,"column":19},"end":{"line":35,"column":71}},"type":"cond-expr","locations":[{"start":{"line":35,"column":42},"end":{"line":35,"column":58}},{"start":{"line":35,"column":62},"end":{"line":35,"column":71}}],"line":35}},"s":{"0":6,"1":193,"2":27},"f":{"0":193,"1":27},"b":{"0":[179],"1":[173],"2":[9],"3":[45],"4":[193,159],"5":[6,187],"6":[6,5],"7":[148,39],"8":[148,39]},"_coverageSchema":"1a1c01bbd47fc00a2c39e90264f33305004495a9","hash":"0f3e25048f6dca334915baf5152817aacb5d7ef9"}
,"/Users/macbook/Documents/Task-innoscripta/src/components/Features/FeedSettings/FeedSettings.tsx": {"path":"/Users/macbook/Documents/Task-innoscripta/src/components/Features/FeedSettings/FeedSettings.tsx","statementMap":{"0":{"start":{"line":13,"column":28},"end":{"line":159,"column":1}},"1":{"start":{"line":14,"column":19},"end":{"line":14,"column":35}},"2":{"start":{"line":15,"column":28},"end":{"line":15,"column":74}},"3":{"start":{"line":15,"column":52},"end":{"line":15,"column":73}},"4":{"start":{"line":21,"column":6},"end":{"line":21,"column":33}},"5":{"start":{"line":27,"column":6},"end":{"line":27,"column":33}},"6":{"start":{"line":33,"column":6},"end":{"line":33,"column":33}},"7":{"start":{"line":35,"column":40},"end":{"line":35,"column":52}},"8":{"start":{"line":36,"column":40},"end":{"line":36,"column":52}},"9":{"start":{"line":38,"column":2},"end":{"line":42,"column":65}},"10":{"start":{"line":39,"column":4},"end":{"line":39,"column":51}},"11":{"start":{"line":40,"column":4},"end":{"line":40,"column":57}},"12":{"start":{"line":41,"column":4},"end":{"line":41,"column":51}},"13":{"start":{"line":44,"column":26},"end":{"line":49,"column":3}},"14":{"start":{"line":45,"column":4},"end":{"line":48,"column":5}},"15":{"start":{"line":46,"column":6},"end":{"line":46,"column":32}},"16":{"start":{"line":47,"column":6},"end":{"line":47,"column":25}},"17":{"start":{"line":51,"column":26},"end":{"line":60,"column":3}},"18":{"start":{"line":52,"column":4},"end":{"line":52,"column":51}},"19":{"start":{"line":53,"column":4},"end":{"line":53,"column":57}},"20":{"start":{"line":54,"column":4},"end":{"line":54,"column":51}},"21":{"start":{"line":56,"column":4},"end":{"line":56,"column":56}},"22":{"start":{"line":57,"column":4},"end":{"line":59,"column":13}},"23":{"start":{"line":58,"column":6},"end":{"line":58,"column":25}},"24":{"start":{"line":62,"column":2},"end":{"line":158,"column":4}},"25":{"start":{"line":81,"column":12},"end":{"line":91,"column":18}},"26":{"start":{"line":86,"column":32},"end":{"line":86,"column":56}},"27":{"start":{"line":106,"column":14},"end":{"line":106,"column":44}},"28":{"start":{"line":122,"column":14},"end":{"line":133,"column":20}},"29":{"start":{"line":128,"column":33},"end":{"line":128,"column":53}}},"fnMap":{"0":{"name":"(anonymous_0)","decl":{"start":{"line":13,"column":28},"end":{"line":13,"column":29}},"loc":{"start":{"line":13,"column":34},"end":{"line":159,"column":1}},"line":13},"1":{"name":"(anonymous_1)","decl":{"start":{"line":15,"column":43},"end":{"line":15,"column":44}},"loc":{"start":{"line":15,"column":52},"end":{"line":15,"column":73}},"line":15},"2":{"name":"(anonymous_2)","decl":{"start":{"line":38,"column":12},"end":{"line":38,"column":13}},"loc":{"start":{"line":38,"column":18},"end":{"line":42,"column":3}},"line":38},"3":{"name":"(anonymous_3)","decl":{"start":{"line":44,"column":26},"end":{"line":44,"column":27}},"loc":{"start":{"line":44,"column":32},"end":{"line":49,"column":3}},"line":44},"4":{"name":"(anonymous_4)","decl":{"start":{"line":51,"column":26},"end":{"line":51,"column":27}},"loc":{"start":{"line":51,"column":32},"end":{"line":60,"column":3}},"line":51},"5":{"name":"(anonymous_5)","decl":{"start":{"line":57,"column":15},"end":{"line":57,"column":16}},"loc":{"start":{"line":57,"column":21},"end":{"line":59,"column":5}},"line":57},"6":{"name":"(anonymous_6)","decl":{"start":{"line":80,"column":26},"end":{"line":80,"column":27}},"loc":{"start":{"line":81,"column":12},"end":{"line":91,"column":18}},"line":81},"7":{"name":"(anonymous_7)","decl":{"start":{"line":86,"column":26},"end":{"line":86,"column":27}},"loc":{"start":{"line":86,"column":32},"end":{"line":86,"column":56}},"line":86},"8":{"name":"(anonymous_8)","decl":{"start":{"line":105,"column":22},"end":{"line":105,"column":23}},"loc":{"start":{"line":106,"column":14},"end":{"line":106,"column":44}},"line":106},"9":{"name":"(anonymous_9)","decl":{"start":{"line":121,"column":33},"end":{"line":121,"column":34}},"loc":{"start":{"line":122,"column":14},"end":{"line":133,"column":20}},"line":122},"10":{"name":"(anonymous_10)","decl":{"start":{"line":128,"column":27},"end":{"line":128,"column":28}},"loc":{"start":{"line":128,"column":33},"end":{"line":128,"column":53}},"line":128}},"branchMap":{"0":{"loc":{"start":{"line":45,"column":4},"end":{"line":48,"column":5}},"type":"if","locations":[{"start":{"line":45,"column":4},"end":{"line":48,"column":5}},{"start":{},"end":{}}],"line":45},"1":{"loc":{"start":{"line":45,"column":8},"end":{"line":45,"column":61}},"type":"binary-expr","locations":[{"start":{"line":45,"column":8},"end":{"line":45,"column":19}},{"start":{"line":45,"column":23},"end":{"line":45,"column":61}}],"line":45},"2":{"loc":{"start":{"line":119,"column":9},"end":{"line":140,"column":9}},"type":"cond-expr","locations":[{"start":{"line":120,"column":10},"end":{"line":135,"column":16}},{"start":{"line":137,"column":10},"end":{"line":139,"column":14}}],"line":119},"3":{"loc":{"start":{"line":151,"column":9},"end":{"line":155,"column":9}},"type":"binary-expr","locations":[{"start":{"line":151,"column":9},"end":{"line":151,"column":20}},{"start":{"line":152,"column":10},"end":{"line":154,"column":16}}],"line":151}},"s":{"0":1,"1":11,"2":11,"3":0,"4":11,"5":11,"6":11,"7":11,"8":11,"9":11,"10":11,"11":11,"12":11,"13":11,"14":1,"15":1,"16":1,"17":11,"18":2,"19":2,"20":2,"21":2,"22":2,"23":0,"24":11,"25":66,"26":0,"27":1,"28":0,"29":0},"f":{"0":11,"1":0,"2":11,"3":1,"4":2,"5":0,"6":66,"7":0,"8":1,"9":0,"10":0},"b":{"0":[1,0],"1":[1,1],"2":[0,11],"3":[11,2]},"_coverageSchema":"1a1c01bbd47fc00a2c39e90264f33305004495a9","hash":"b5d7b1d6bf34100b9ef00ab57bc43e356bdb00ea"}
,"/Users/macbook/Documents/Task-innoscripta/src/components/Modules/ArticleList/ArticleList.mock.ts": {"path":"/Users/macbook/Documents/Task-innoscripta/src/components/Modules/ArticleList/ArticleList.mock.ts","statementMap":{"0":{"start":{"line":3,"column":44},"end":{"line":26,"column":1}}},"fnMap":{},"branchMap":{},"s":{"0":1},"f":{},"b":{},"_coverageSchema":"1a1c01bbd47fc00a2c39e90264f33305004495a9","hash":"f1ad941ae2841a82fcb829ddcfc17178381beb8a"}
,"/Users/macbook/Documents/Task-innoscripta/src/components/Modules/ArticleList/ArticleList.tsx": {"path":"/Users/macbook/Documents/Task-innoscripta/src/components/Modules/ArticleList/ArticleList.tsx","statementMap":{"0":{"start":{"line":5,"column":27},"end":{"line":31,"column":1}},"1":{"start":{"line":6,"column":2},"end":{"line":8,"column":3}},"2":{"start":{"line":7,"column":4},"end":{"line":7,"column":30}},"3":{"start":{"line":10,"column":2},"end":{"line":12,"column":3}},"4":{"start":{"line":11,"column":4},"end":{"line":11,"column":71}},"5":{"start":{"line":14,"column":2},"end":{"line":22,"column":3}},"6":{"start":{"line":15,"column":4},"end":{"line":21,"column":6}},"7":{"start":{"line":24,"column":2},"end":{"line":30,"column":4}},"8":{"start":{"line":27,"column":8},"end":{"line":27,"column":67}}},"fnMap":{"0":{"name":"(anonymous_0)","decl":{"start":{"line":5,"column":27},"end":{"line":5,"column":28}},"loc":{"start":{"line":5,"column":81},"end":{"line":31,"column":1}},"line":5},"1":{"name":"(anonymous_1)","decl":{"start":{"line":26,"column":20},"end":{"line":26,"column":21}},"loc":{"start":{"line":27,"column":8},"end":{"line":27,"column":67}},"line":27}},"branchMap":{"0":{"loc":{"start":{"line":6,"column":2},"end":{"line":8,"column":3}},"type":"if","locations":[{"start":{"line":6,"column":2},"end":{"line":8,"column":3}},{"start":{},"end":{}}],"line":6},"1":{"loc":{"start":{"line":10,"column":2},"end":{"line":12,"column":3}},"type":"if","locations":[{"start":{"line":10,"column":2},"end":{"line":12,"column":3}},{"start":{},"end":{}}],"line":10},"2":{"loc":{"start":{"line":14,"column":2},"end":{"line":22,"column":3}},"type":"if","locations":[{"start":{"line":14,"column":2},"end":{"line":22,"column":3}},{"start":{},"end":{}}],"line":14}},"s":{"0":1,"1":5,"2":1,"3":4,"4":1,"5":3,"6":1,"7":2,"8":4},"f":{"0":5,"1":4},"b":{"0":[1,4],"1":[1,3],"2":[1,2]},"_coverageSchema":"1a1c01bbd47fc00a2c39e90264f33305004495a9","hash":"b6284da9905c3184c15f73301ddbed438741581d"}
,"/Users/macbook/Documents/Task-innoscripta/src/components/Modules/SearchFilters/FilterBar/FilterBar.tsx": {"path":"/Users/macbook/Documents/Task-innoscripta/src/components/Modules/SearchFilters/FilterBar/FilterBar.tsx","statementMap":{"0":{"start":{"line":23,"column":35},"end":{"line":175,"column":1}},"1":{"start":{"line":24,"column":57},"end":{"line":24,"column":69}},"2":{"start":{"line":26,"column":38},"end":{"line":28,"column":3}},"3":{"start":{"line":34,"column":6},"end":{"line":34,"column":85}},"4":{"start":{"line":36,"column":36},"end":{"line":39,"column":4}},"5":{"start":{"line":41,"column":50},"end":{"line":41,"column":89}},"6":{"start":{"line":43,"column":2},"end":{"line":50,"column":19}},"7":{"start":{"line":44,"column":4},"end":{"line":49,"column":5}},"8":{"start":{"line":45,"column":6},"end":{"line":45,"column":21}},"9":{"start":{"line":46,"column":6},"end":{"line":46,"column":49}},"10":{"start":{"line":48,"column":6},"end":{"line":48,"column":30}},"11":{"start":{"line":52,"column":27},"end":{"line":55,"column":3}},"12":{"start":{"line":53,"column":28},"end":{"line":53,"column":36}},"13":{"start":{"line":54,"column":4},"end":{"line":54,"column":55}},"14":{"start":{"line":54,"column":26},"end":{"line":54,"column":52}},"15":{"start":{"line":57,"column":31},"end":{"line":59,"column":3}},"16":{"start":{"line":58,"column":4},"end":{"line":58,"column":40}},"17":{"start":{"line":61,"column":29},"end":{"line":64,"column":3}},"18":{"start":{"line":62,"column":20},"end":{"line":62,"column":36}},"19":{"start":{"line":63,"column":4},"end":{"line":63,"column":26}},"20":{"start":{"line":66,"column":25},"end":{"line":86,"column":3}},"21":{"start":{"line":67,"column":4},"end":{"line":85,"column":5}},"22":{"start":{"line":68,"column":6},"end":{"line":74,"column":8}},"23":{"start":{"line":76,"column":27},"end":{"line":76,"column":51}},"24":{"start":{"line":78,"column":6},"end":{"line":84,"column":8}},"25":{"start":{"line":88,"column":29},"end":{"line":93,"column":3}},"26":{"start":{"line":89,"column":4},"end":{"line":89,"column":47}},"27":{"start":{"line":90,"column":4},"end":{"line":90,"column":28}},"28":{"start":{"line":91,"column":4},"end":{"line":91,"column":19}},"29":{"start":{"line":92,"column":4},"end":{"line":92,"column":19}},"30":{"start":{"line":95,"column":27},"end":{"line":97,"column":3}},"31":{"start":{"line":96,"column":4},"end":{"line":96,"column":75}},"32":{"start":{"line":96,"column":27},"end":{"line":96,"column":72}},"33":{"start":{"line":99,"column":2},"end":{"line":174,"column":4}},"34":{"start":{"line":115,"column":45},"end":{"line":118,"column":15}}},"fnMap":{"0":{"name":"(anonymous_0)","decl":{"start":{"line":23,"column":35},"end":{"line":23,"column":36}},"loc":{"start":{"line":23,"column":41},"end":{"line":175,"column":1}},"line":23},"1":{"name":"(anonymous_1)","decl":{"start":{"line":43,"column":12},"end":{"line":43,"column":13}},"loc":{"start":{"line":43,"column":18},"end":{"line":50,"column":3}},"line":43},"2":{"name":"(anonymous_2)","decl":{"start":{"line":52,"column":27},"end":{"line":52,"column":28}},"loc":{"start":{"line":52,"column":85},"end":{"line":55,"column":3}},"line":52},"3":{"name":"(anonymous_3)","decl":{"start":{"line":54,"column":17},"end":{"line":54,"column":18}},"loc":{"start":{"line":54,"column":26},"end":{"line":54,"column":52}},"line":54},"4":{"name":"(anonymous_4)","decl":{"start":{"line":57,"column":31},"end":{"line":57,"column":32}},"loc":{"start":{"line":57,"column":89},"end":{"line":59,"column":3}},"line":57},"5":{"name":"(anonymous_5)","decl":{"start":{"line":61,"column":29},"end":{"line":61,"column":30}},"loc":{"start":{"line":61,"column":41},"end":{"line":64,"column":3}},"line":61},"6":{"name":"(anonymous_6)","decl":{"start":{"line":66,"column":25},"end":{"line":66,"column":26}},"loc":{"start":{"line":66,"column":31},"end":{"line":86,"column":3}},"line":66},"7":{"name":"(anonymous_7)","decl":{"start":{"line":88,"column":29},"end":{"line":88,"column":30}},"loc":{"start":{"line":88,"column":35},"end":{"line":93,"column":3}},"line":88},"8":{"name":"(anonymous_8)","decl":{"start":{"line":95,"column":27},"end":{"line":95,"column":28}},"loc":{"start":{"line":95,"column":33},"end":{"line":97,"column":3}},"line":95},"9":{"name":"(anonymous_9)","decl":{"start":{"line":96,"column":18},"end":{"line":96,"column":19}},"loc":{"start":{"line":96,"column":27},"end":{"line":96,"column":72}},"line":96},"10":{"name":"(anonymous_10)","decl":{"start":{"line":115,"column":32},"end":{"line":115,"column":33}},"loc":{"start":{"line":115,"column":45},"end":{"line":118,"column":15}},"line":115}},"branchMap":{"0":{"loc":{"start":{"line":27,"column":4},"end":{"line":27,"column":53}},"type":"cond-expr","locations":[{"start":{"line":27,"column":30},"end":{"line":27,"column":40}},{"start":{"line":27,"column":43},"end":{"line":27,"column":53}}],"line":27},"1":{"loc":{"start":{"line":34,"column":32},"end":{"line":34,"column":84}},"type":"cond-expr","locations":[{"start":{"line":34,"column":56},"end":{"line":34,"column":79}},{"start":{"line":34,"column":82},"end":{"line":34,"column":84}}],"line":34},"2":{"loc":{"start":{"line":37,"column":14},"end":{"line":37,"column":43}},"type":"binary-expr","locations":[{"start":{"line":37,"column":14},"end":{"line":37,"column":37}},{"start":{"line":37,"column":41},"end":{"line":37,"column":43}}],"line":37},"3":{"loc":{"start":{"line":38,"column":12},"end":{"line":38,"column":39}},"type":"binary-expr","locations":[{"start":{"line":38,"column":12},"end":{"line":38,"column":33}},{"start":{"line":38,"column":37},"end":{"line":38,"column":39}}],"line":38},"4":{"loc":{"start":{"line":41,"column":59},"end":{"line":41,"column":88}},"type":"binary-expr","locations":[{"start":{"line":41,"column":59},"end":{"line":41,"column":82}},{"start":{"line":41,"column":86},"end":{"line":41,"column":88}}],"line":41},"5":{"loc":{"start":{"line":44,"column":4},"end":{"line":49,"column":5}},"type":"if","locations":[{"start":{"line":44,"column":4},"end":{"line":49,"column":5}},{"start":{"line":47,"column":11},"end":{"line":49,"column":5}}],"line":44},"6":{"loc":{"start":{"line":67,"column":4},"end":{"line":85,"column":5}},"type":"if","locations":[{"start":{"line":67,"column":4},"end":{"line":85,"column":5}},{"start":{"line":75,"column":11},"end":{"line":85,"column":5}}],"line":67},"7":{"loc":{"start":{"line":69,"column":15},"end":{"line":69,"column":41}},"type":"binary-expr","locations":[{"start":{"line":69,"column":15},"end":{"line":69,"column":35}},{"start":{"line":69,"column":39},"end":{"line":69,"column":41}}],"line":69},"8":{"loc":{"start":{"line":70,"column":18},"end":{"line":70,"column":47}},"type":"binary-expr","locations":[{"start":{"line":70,"column":18},"end":{"line":70,"column":34}},{"start":{"line":70,"column":38},"end":{"line":70,"column":47}}],"line":70},"9":{"loc":{"start":{"line":79,"column":15},"end":{"line":79,"column":82}},"type":"binary-expr","locations":[{"start":{"line":79,"column":15},"end":{"line":79,"column":35}},{"start":{"line":79,"column":40},"end":{"line":79,"column":81}}],"line":79},"10":{"loc":{"start":{"line":79,"column":40},"end":{"line":79,"column":81}},"type":"cond-expr","locations":[{"start":{"line":79,"column":70},"end":{"line":79,"column":76}},{"start":{"line":79,"column":79},"end":{"line":79,"column":81}}],"line":79},"11":{"loc":{"start":{"line":80,"column":18},"end":{"line":80,"column":49}},"type":"binary-expr","locations":[{"start":{"line":80,"column":18},"end":{"line":80,"column":36}},{"start":{"line":80,"column":40},"end":{"line":80,"column":49}}],"line":80},"12":{"loc":{"start":{"line":81,"column":16},"end":{"line":81,"column":45}},"type":"binary-expr","locations":[{"start":{"line":81,"column":16},"end":{"line":81,"column":32}},{"start":{"line":81,"column":36},"end":{"line":81,"column":45}}],"line":81},"13":{"loc":{"start":{"line":82,"column":16},"end":{"line":82,"column":41}},"type":"binary-expr","locations":[{"start":{"line":82,"column":16},"end":{"line":82,"column":28}},{"start":{"line":82,"column":32},"end":{"line":82,"column":41}}],"line":82},"14":{"loc":{"start":{"line":96,"column":27},"end":{"line":96,"column":72}},"type":"cond-expr","locations":[{"start":{"line":96,"column":49},"end":{"line":96,"column":59}},{"start":{"line":96,"column":62},"end":{"line":96,"column":72}}],"line":96},"15":{"loc":{"start":{"line":106,"column":7},"end":{"line":157,"column":7}},"type":"cond-expr","locations":[{"start":{"line":107,"column":8},"end":{"line":123,"column":14}},{"start":{"line":125,"column":8},"end":{"line":156,"column":11}}],"line":106}},"s":{"0":1,"1":12,"2":12,"3":12,"4":12,"5":12,"6":12,"7":8,"8":2,"9":2,"10":6,"11":12,"12":0,"13":0,"14":0,"15":12,"16":0,"17":12,"18":1,"19":1,"20":12,"21":1,"22":0,"23":1,"24":1,"25":12,"26":1,"27":1,"28":1,"29":1,"30":12,"31":2,"32":2,"33":12,"34":24},"f":{"0":12,"1":8,"2":0,"3":0,"4":0,"5":1,"6":1,"7":1,"8":2,"9":2,"10":24},"b":{"0":[0,12],"1":[0,12],"2":[12,12],"3":[12,12],"4":[12,12],"5":[2,6],"6":[0,1],"7":[0,0],"8":[0,0],"9":[1,1],"10":[1,0],"11":[1,1],"12":[1,1],"13":[1,1],"14":[0,2],"15":[4,8]},"_coverageSchema":"1a1c01bbd47fc00a2c39e90264f33305004495a9","hash":"b1563e54969249e34840f7a5f10d9e406b6fdbcb"}
,"/Users/macbook/Documents/Task-innoscripta/src/components/Modules/SearchFilters/SearchBar/SearchBar.tsx": {"path":"/Users/macbook/Documents/Task-innoscripta/src/components/Modules/SearchFilters/SearchBar/SearchBar.tsx","statementMap":{"0":{"start":{"line":5,"column":25},"end":{"line":42,"column":1}},"1":{"start":{"line":6,"column":43},"end":{"line":6,"column":55}},"2":{"start":{"line":7,"column":28},"end":{"line":7,"column":64}},"3":{"start":{"line":9,"column":28},"end":{"line":11,"column":3}},"4":{"start":{"line":10,"column":4},"end":{"line":10,"column":29}},"5":{"start":{"line":13,"column":23},"end":{"line":20,"column":3}},"6":{"start":{"line":14,"column":4},"end":{"line":14,"column":23}},"7":{"start":{"line":16,"column":25},"end":{"line":16,"column":37}},"8":{"start":{"line":17,"column":4},"end":{"line":17,"column":30}},"9":{"start":{"line":17,"column":23},"end":{"line":17,"column":30}},"10":{"start":{"line":19,"column":4},"end":{"line":19,"column":42}},"11":{"start":{"line":22,"column":2},"end":{"line":41,"column":4}}},"fnMap":{"0":{"name":"(anonymous_0)","decl":{"start":{"line":5,"column":25},"end":{"line":5,"column":26}},"loc":{"start":{"line":5,"column":31},"end":{"line":42,"column":1}},"line":5},"1":{"name":"(anonymous_1)","decl":{"start":{"line":9,"column":28},"end":{"line":9,"column":29}},"loc":{"start":{"line":9,"column":92},"end":{"line":11,"column":3}},"line":9},"2":{"name":"(anonymous_2)","decl":{"start":{"line":13,"column":23},"end":{"line":13,"column":24}},"loc":{"start":{"line":13,"column":47},"end":{"line":20,"column":3}},"line":13}},"branchMap":{"0":{"loc":{"start":{"line":7,"column":37},"end":{"line":7,"column":63}},"type":"binary-expr","locations":[{"start":{"line":7,"column":37},"end":{"line":7,"column":57}},{"start":{"line":7,"column":61},"end":{"line":7,"column":63}}],"line":7},"1":{"loc":{"start":{"line":17,"column":4},"end":{"line":17,"column":30}},"type":"if","locations":[{"start":{"line":17,"column":4},"end":{"line":17,"column":30}},{"start":{},"end":{}}],"line":17}},"s":{"0":1,"1":7,"2":7,"3":7,"4":2,"5":7,"6":0,"7":0,"8":0,"9":0,"10":0,"11":7},"f":{"0":7,"1":2,"2":0},"b":{"0":[7,6],"1":[0,0]},"_coverageSchema":"1a1c01bbd47fc00a2c39e90264f33305004495a9","hash":"1b11f6fdf992f88f691381976952f6ba49ad7b35"}
,"/Users/macbook/Documents/Task-innoscripta/src/components/Modules/SourceOptions/SourceOptions.tsx": {"path":"/Users/macbook/Documents/Task-innoscripta/src/components/Modules/SourceOptions/SourceOptions.tsx","statementMap":{"0":{"start":{"line":4,"column":29},"end":{"line":22,"column":1}},"1":{"start":{"line":5,"column":2},"end":{"line":21,"column":4}},"2":{"start":{"line":8,"column":8},"end":{"line":18,"column":14}},"3":{"start":{"line":13,"column":28},"end":{"line":13,"column":47}}},"fnMap":{"0":{"name":"(anonymous_0)","decl":{"start":{"line":4,"column":29},"end":{"line":4,"column":30}},"loc":{"start":{"line":4,"column":92},"end":{"line":22,"column":1}},"line":4},"1":{"name":"(anonymous_1)","decl":{"start":{"line":7,"column":19},"end":{"line":7,"column":20}},"loc":{"start":{"line":8,"column":8},"end":{"line":18,"column":14}},"line":8},"2":{"name":"(anonymous_2)","decl":{"start":{"line":13,"column":22},"end":{"line":13,"column":23}},"loc":{"start":{"line":13,"column":28},"end":{"line":13,"column":47}},"line":13}},"branchMap":{},"s":{"0":3,"1":23,"2":66,"3":1},"f":{"0":23,"1":66,"2":1},"b":{},"_coverageSchema":"1a1c01bbd47fc00a2c39e90264f33305004495a9","hash":"5bdadb9148ac7a9c274eb5a22bb0d41df08033c1"}
,"/Users/macbook/Documents/Task-innoscripta/src/components/Modules/ToggleSwitch/ToggleSwitch.tsx": {"path":"/Users/macbook/Documents/Task-innoscripta/src/components/Modules/ToggleSwitch/ToggleSwitch.tsx","statementMap":{"0":{"start":{"line":4,"column":28},"end":{"line":47,"column":1}},"1":{"start":{"line":5,"column":2},"end":{"line":46,"column":4}}},"fnMap":{"0":{"name":"(anonymous_0)","decl":{"start":{"line":4,"column":28},"end":{"line":4,"column":29}},"loc":{"start":{"line":4,"column":85},"end":{"line":47,"column":1}},"line":4}},"branchMap":{"0":{"loc":{"start":{"line":28,"column":14},"end":{"line":28,"column":88}},"type":"cond-expr","locations":[{"start":{"line":28,"column":42},"end":{"line":28,"column":55}},{"start":{"line":28,"column":58},"end":{"line":28,"column":88}}],"line":28},"1":{"loc":{"start":{"line":35,"column":14},"end":{"line":35,"column":72}},"type":"cond-expr","locations":[{"start":{"line":35,"column":42},"end":{"line":35,"column":67}},{"start":{"line":35,"column":70},"end":{"line":35,"column":72}}],"line":35},"2":{"loc":{"start":{"line":41,"column":47},"end":{"line":41,"column":143}},"type":"cond-expr","locations":[{"start":{"line":41,"column":75},"end":{"line":41,"column":106}},{"start":{"line":41,"column":109},"end":{"line":41,"column":143}}],"line":41}},"s":{"0":2,"1":15},"f":{"0":15},"b":{"0":[5,10],"1":[5,10],"2":[5,10]},"_coverageSchema":"1a1c01bbd47fc00a2c39e90264f33305004495a9","hash":"5dff8d4fd14f00c409c2efccabc3f1a1009e3ce4"}
,"/Users/macbook/Documents/Task-innoscripta/src/constants/newsConstants.ts": {"path":"/Users/macbook/Documents/Task-innoscripta/src/constants/newsConstants.ts","statementMap":{"0":{"start":{"line":1,"column":26},"end":{"line":8,"column":3}},"1":{"start":{"line":10,"column":25},"end":{"line":14,"column":3}}},"fnMap":{},"branchMap":{},"s":{"0":2,"1":2},"f":{},"b":{},"_coverageSchema":"1a1c01bbd47fc00a2c39e90264f33305004495a9","hash":"44c7a11e46f29828cde43eae9cf7b7086cd5bbc8"}
,"/Users/macbook/Documents/Task-innoscripta/src/store/slices/userPreferencesSlice.ts": {"path":"/Users/macbook/Documents/Task-innoscripta/src/store/slices/userPreferencesSlice.ts","statementMap":{"0":{"start":{"line":9,"column":44},"end":{"line":13,"column":1}},"1":{"start":{"line":15,"column":29},"end":{"line":23,"column":1}},"2":{"start":{"line":16,"column":2},"end":{"line":22,"column":3}},"3":{"start":{"line":17,"column":29},"end":{"line":17,"column":68}},"4":{"start":{"line":18,"column":4},"end":{"line":18,"column":64}},"5":{"start":{"line":20,"column":4},"end":{"line":20,"column":61}},"6":{"start":{"line":21,"column":4},"end":{"line":21,"column":14}},"7":{"start":{"line":25,"column":24},"end":{"line":31,"column":1}},"8":{"start":{"line":26,"column":2},"end":{"line":30,"column":3}},"9":{"start":{"line":27,"column":4},"end":{"line":27,"column":73}},"10":{"start":{"line":29,"column":4},"end":{"line":29,"column":61}},"11":{"start":{"line":33,"column":38},"end":{"line":36,"column":1}},"12":{"start":{"line":38,"column":29},"end":{"line":59,"column":2}},"13":{"start":{"line":43,"column":6},"end":{"line":43,"column":46}},"14":{"start":{"line":44,"column":6},"end":{"line":44,"column":34}},"15":{"start":{"line":47,"column":6},"end":{"line":47,"column":49}},"16":{"start":{"line":48,"column":6},"end":{"line":48,"column":34}},"17":{"start":{"line":51,"column":6},"end":{"line":51,"column":46}},"18":{"start":{"line":52,"column":6},"end":{"line":52,"column":34}},"19":{"start":{"line":55,"column":6},"end":{"line":55,"column":47}},"20":{"start":{"line":56,"column":6},"end":{"line":56,"column":34}},"21":{"start":{"line":66,"column":4},"end":{"line":66,"column":32}}},"fnMap":{"0":{"name":"(anonymous_0)","decl":{"start":{"line":15,"column":29},"end":{"line":15,"column":30}},"loc":{"start":{"line":15,"column":61},"end":{"line":23,"column":1}},"line":15},"1":{"name":"(anonymous_1)","decl":{"start":{"line":25,"column":24},"end":{"line":25,"column":25}},"loc":{"start":{"line":25,"column":64},"end":{"line":31,"column":1}},"line":25},"2":{"name":"(anonymous_2)","decl":{"start":{"line":42,"column":25},"end":{"line":42,"column":26}},"loc":{"start":{"line":42,"column":69},"end":{"line":45,"column":5}},"line":42},"3":{"name":"(anonymous_3)","decl":{"start":{"line":46,"column":28},"end":{"line":46,"column":29}},"loc":{"start":{"line":46,"column":72},"end":{"line":49,"column":5}},"line":46},"4":{"name":"(anonymous_4)","decl":{"start":{"line":50,"column":25},"end":{"line":50,"column":26}},"loc":{"start":{"line":50,"column":69},"end":{"line":53,"column":5}},"line":50},"5":{"name":"(anonymous_5)","decl":{"start":{"line":54,"column":22},"end":{"line":54,"column":23}},"loc":{"start":{"line":54,"column":33},"end":{"line":57,"column":5}},"line":54}},"branchMap":{"0":{"loc":{"start":{"line":18,"column":11},"end":{"line":18,"column":63}},"type":"cond-expr","locations":[{"start":{"line":18,"column":30},"end":{"line":18,"column":58}},{"start":{"line":18,"column":61},"end":{"line":18,"column":63}}],"line":18}},"s":{"0":1,"1":1,"2":1,"3":1,"4":1,"5":0,"6":0,"7":1,"8":0,"9":0,"10":0,"11":1,"12":1,"13":0,"14":0,"15":0,"16":0,"17":0,"18":0,"19":0,"20":0,"21":1},"f":{"0":1,"1":0,"2":0,"3":0,"4":0,"5":0},"b":{"0":[0,1]},"_coverageSchema":"1a1c01bbd47fc00a2c39e90264f33305004495a9","hash":"9da1ef5440d22d87adbd9d75c39a6958c167bec2"}
}
