TN:
SF:src/components/Elements/LoadingSpinner.tsx
FN:1,(anonymous_0)
FNF:1
FNH:1
FNDA:1,(anonymous_0)
DA:1,1
DA:2,1
LF:2
LH:2
BRF:0
BRH:0
end_of_record
TN:
SF:src/components/Elements/ArticleCard/ArticleCard.tsx
FN:3,(anonymous_0)
FN:19,(anonymous_1)
FNF:2
FNH:1
FNDA:4,(anonymous_0)
FNDA:0,(anonymous_1)
DA:3,1
DA:5,4
DA:7,4
DA:9,4
DA:20,0
DA:21,0
LF:6
LH:4
BRDA:7,0,0,4
BRDA:7,0,1,0
BRDA:16,1,0,4
BRDA:16,1,1,0
BRF:4
BRH:2
end_of_record
TN:
SF:src/components/Elements/FormInput/FormInput.tsx
FN:3,(anonymous_0)
FN:24,(anonymous_1)
FNF:2
FNH:2
FNDA:193,(anonymous_0)
FNDA:27,(anonymous_1)
DA:3,6
DA:14,193
DA:25,27
LF:3
LH:3
BRDA:9,0,0,179
BRDA:10,1,0,173
BRDA:11,2,0,9
BRDA:12,3,0,45
BRDA:16,4,0,193
BRDA:16,4,1,159
BRDA:21,5,0,6
BRDA:21,5,1,187
BRDA:23,6,0,6
BRDA:23,6,1,5
BRDA:34,7,0,148
BRDA:34,7,1,39
BRDA:35,8,0,148
BRDA:35,8,1,39
BRF:14
BRH:14
end_of_record
TN:
SF:src/components/Features/FeedSettings/FeedSettings.tsx
FN:13,(anonymous_0)
FN:15,(anonymous_1)
FN:38,(anonymous_2)
FN:44,(anonymous_3)
FN:51,(anonymous_4)
FN:57,(anonymous_5)
FN:80,(anonymous_6)
FN:86,(anonymous_7)
FN:105,(anonymous_8)
FN:121,(anonymous_9)
FN:128,(anonymous_10)
FNF:11
FNH:6
FNDA:11,(anonymous_0)
FNDA:0,(anonymous_1)
FNDA:11,(anonymous_2)
FNDA:1,(anonymous_3)
FNDA:2,(anonymous_4)
FNDA:0,(anonymous_5)
FNDA:66,(anonymous_6)
FNDA:0,(anonymous_7)
FNDA:1,(anonymous_8)
FNDA:0,(anonymous_9)
FNDA:0,(anonymous_10)
DA:13,1
DA:14,11
DA:15,11
DA:21,11
DA:27,11
DA:33,11
DA:35,11
DA:36,11
DA:38,11
DA:39,11
DA:40,11
DA:41,11
DA:44,11
DA:45,1
DA:46,1
DA:47,1
DA:51,11
DA:52,2
DA:53,2
DA:54,2
DA:56,2
DA:57,2
DA:58,0
DA:62,11
DA:81,66
DA:86,0
DA:106,1
DA:122,0
DA:128,0
LF:29
LH:25
BRDA:45,0,0,1
BRDA:45,0,1,0
BRDA:45,1,0,1
BRDA:45,1,1,1
BRDA:119,2,0,0
BRDA:119,2,1,11
BRDA:151,3,0,11
BRDA:151,3,1,2
BRF:8
BRH:6
end_of_record
TN:
SF:src/components/Modules/ArticleList/ArticleList.mock.ts
FNF:0
FNH:0
DA:3,1
LF:1
LH:1
BRF:0
BRH:0
end_of_record
TN:
SF:src/components/Modules/ArticleList/ArticleList.tsx
FN:5,(anonymous_0)
FN:26,(anonymous_1)
FNF:2
FNH:2
FNDA:5,(anonymous_0)
FNDA:4,(anonymous_1)
DA:5,1
DA:6,5
DA:7,1
DA:10,4
DA:11,1
DA:14,3
DA:15,1
DA:24,2
DA:27,4
LF:9
LH:9
BRDA:6,0,0,1
BRDA:6,0,1,4
BRDA:10,1,0,1
BRDA:10,1,1,3
BRDA:14,2,0,1
BRDA:14,2,1,2
BRF:6
BRH:6
end_of_record
TN:
SF:src/components/Modules/SearchFilters/FilterBar/FilterBar.tsx
FN:23,(anonymous_0)
FN:43,(anonymous_1)
FN:52,(anonymous_2)
FN:54,(anonymous_3)
FN:57,(anonymous_4)
FN:61,(anonymous_5)
FN:66,(anonymous_6)
FN:88,(anonymous_7)
FN:95,(anonymous_8)
FN:96,(anonymous_9)
FN:115,(anonymous_10)
FNF:11
FNH:8
FNDA:12,(anonymous_0)
FNDA:8,(anonymous_1)
FNDA:0,(anonymous_2)
FNDA:0,(anonymous_3)
FNDA:0,(anonymous_4)
FNDA:1,(anonymous_5)
FNDA:1,(anonymous_6)
FNDA:1,(anonymous_7)
FNDA:2,(anonymous_8)
FNDA:2,(anonymous_9)
FNDA:24,(anonymous_10)
DA:23,1
DA:24,12
DA:26,12
DA:34,12
DA:36,12
DA:41,12
DA:43,12
DA:44,8
DA:45,2
DA:46,2
DA:48,6
DA:52,12
DA:53,0
DA:54,0
DA:57,12
DA:58,0
DA:61,12
DA:62,1
DA:63,1
DA:66,12
DA:67,1
DA:68,0
DA:76,1
DA:78,1
DA:88,12
DA:89,1
DA:90,1
DA:91,1
DA:92,1
DA:95,12
DA:96,2
DA:99,12
DA:115,24
LF:33
LH:29
BRDA:27,0,0,0
BRDA:27,0,1,12
BRDA:34,1,0,0
BRDA:34,1,1,12
BRDA:37,2,0,12
BRDA:37,2,1,12
BRDA:38,3,0,12
BRDA:38,3,1,12
BRDA:41,4,0,12
BRDA:41,4,1,12
BRDA:44,5,0,2
BRDA:44,5,1,6
BRDA:67,6,0,0
BRDA:67,6,1,1
BRDA:69,7,0,0
BRDA:69,7,1,0
BRDA:70,8,0,0
BRDA:70,8,1,0
BRDA:79,9,0,1
BRDA:79,9,1,1
BRDA:79,10,0,1
BRDA:79,10,1,0
BRDA:80,11,0,1
BRDA:80,11,1,1
BRDA:81,12,0,1
BRDA:81,12,1,1
BRDA:82,13,0,1
BRDA:82,13,1,1
BRDA:96,14,0,0
BRDA:96,14,1,2
BRDA:106,15,0,4
BRDA:106,15,1,8
BRF:32
BRH:23
end_of_record
TN:
SF:src/components/Modules/SearchFilters/SearchBar/SearchBar.tsx
FN:5,(anonymous_0)
FN:9,(anonymous_1)
FN:13,(anonymous_2)
FNF:3
FNH:2
FNDA:7,(anonymous_0)
FNDA:2,(anonymous_1)
FNDA:0,(anonymous_2)
DA:5,1
DA:6,7
DA:7,7
DA:9,7
DA:10,2
DA:13,7
DA:14,0
DA:16,0
DA:17,0
DA:19,0
DA:22,7
LF:11
LH:7
BRDA:7,0,0,7
BRDA:7,0,1,6
BRDA:17,1,0,0
BRDA:17,1,1,0
BRF:4
BRH:2
end_of_record
TN:
SF:src/components/Modules/SourceOptions/SourceOptions.tsx
FN:4,(anonymous_0)
FN:7,(anonymous_1)
FN:13,(anonymous_2)
FNF:3
FNH:3
FNDA:23,(anonymous_0)
FNDA:66,(anonymous_1)
FNDA:1,(anonymous_2)
DA:4,3
DA:5,23
DA:8,66
DA:13,1
LF:4
LH:4
BRF:0
BRH:0
end_of_record
TN:
SF:src/components/Modules/ToggleSwitch/ToggleSwitch.tsx
FN:4,(anonymous_0)
FNF:1
FNH:1
FNDA:15,(anonymous_0)
DA:4,2
DA:5,15
LF:2
LH:2
BRDA:28,0,0,5
BRDA:28,0,1,10
BRDA:35,1,0,5
BRDA:35,1,1,10
BRDA:41,2,0,5
BRDA:41,2,1,10
BRF:6
BRH:6
end_of_record
TN:
SF:src/constants/newsConstants.ts
FNF:0
FNH:0
DA:1,2
DA:10,2
LF:2
LH:2
BRF:0
BRH:0
end_of_record
TN:
SF:src/store/slices/userPreferencesSlice.ts
FN:15,(anonymous_0)
FN:25,(anonymous_1)
FN:42,(anonymous_2)
FN:46,(anonymous_3)
FN:50,(anonymous_4)
FN:54,(anonymous_5)
FNF:6
FNH:1
FNDA:1,(anonymous_0)
FNDA:0,(anonymous_1)
FNDA:0,(anonymous_2)
FNDA:0,(anonymous_3)
FNDA:0,(anonymous_4)
FNDA:0,(anonymous_5)
DA:9,1
DA:15,1
DA:16,1
DA:17,1
DA:18,1
DA:20,0
DA:21,0
DA:25,1
DA:26,0
DA:27,0
DA:29,0
DA:33,1
DA:38,1
DA:43,0
DA:44,0
DA:47,0
DA:48,0
DA:51,0
DA:52,0
DA:55,0
DA:56,0
DA:66,1
LF:22
LH:9
BRDA:18,0,0,0
BRDA:18,0,1,1
BRF:2
BRH:1
end_of_record
